[debug] [2023-03-09T09:16:47.371Z] ----------------------------------------------------------------------
[debug] [2023-03-09T09:16:47.372Z] Command:       /usr/local/share/nvm/versions/node/v19.7.0/bin/node /home/codespace/nvm/current/bin/firebase login
[debug] [2023-03-09T09:16:47.373Z] CLI Version:   11.24.1
[debug] [2023-03-09T09:16:47.373Z] Platform:      linux
[debug] [2023-03-09T09:16:47.373Z] Node Version:  v19.7.0
[debug] [2023-03-09T09:16:47.373Z] Time:          Thu Mar 09 2023 09:16:47 GMT+0000 (Coordinated Universal Time)
[debug] [2023-03-09T09:16:47.373Z] Env Overrides: GITHUB_API_URL
[debug] [2023-03-09T09:16:47.374Z] ----------------------------------------------------------------------
[debug] 
[debug] [2023-03-09T09:16:47.376Z] >>> [apiv2][query] GET https://firebase-public.firebaseio.com/cli.json [none]
[info] i  Firebase optionally collects CLI and Emulator Suite usage and error reporting information to help improve our products. Data is collected in accordance with Google's privacy policy (https://policies.google.com/privacy) and is not used to identify you.
 
[debug] [2023-03-09T09:16:47.729Z] <<< [apiv2][status] GET https://firebase-public.firebaseio.com/cli.json 200
[debug] [2023-03-09T09:16:47.729Z] <<< [apiv2][body] GET https://firebase-public.firebaseio.com/cli.json {"cloudBuildErrorAfter":1594252800000,"cloudBuildWarnAfter":1590019200000,"defaultNode10After":1594252800000,"minVersion":"3.0.5","node8DeploysDisabledAfter":1613390400000,"node8RuntimeDisabledAfter":1615809600000,"node8WarnAfter":1600128000000}
[info] i  To change your data collection preference at any time, run `firebase logout` and log in again. 
[debug] [2023-03-09T09:16:49.979Z] >>> [apiv2][query] POST https://auth.firebase.tools/attest [none]
[debug] [2023-03-09T09:16:49.979Z] >>> [apiv2][body] POST https://auth.firebase.tools/attest {"session_id":"7fa5be53-9141-4590-b989-1b5ad5673af6"}
[debug] [2023-03-09T09:16:50.276Z] <<< [apiv2][status] POST https://auth.firebase.tools/attest 200
[debug] [2023-03-09T09:16:50.276Z] <<< [apiv2][body] POST https://auth.firebase.tools/attest {"token":"e8PywFKh67si2WmabIJ_svNsFT61E3dypnqdgb7UUKo"}
[info] 
[info] To sign in to the Firebase CLI:
[info] 
[info] 1. Take note of your session ID:
[info] 
[info]    7FA5B
[info] 
[info] 2. Visit the URL below on any device and follow the instructions to get your code:
[info] 
[info]    https://auth.firebase.tools/login?code_challenge=ruYXl6oBrMVrkIw_XMgaCG31GaMfgxJ6rQJaDyydQyE&session=7fa5be53-9141-4590-b989-1b5ad5673af6&attest=e8PywFKh67si2WmabIJ_svNsFT61E3dypnqdgb7UUKo
[info] 
[info] 3. Paste or enter the authorization code below once you have it:
[info] 
[debug] [2023-03-09T09:35:38.869Z] ----------------------------------------------------------------------
[debug] [2023-03-09T09:35:38.871Z] Command:       /usr/local/share/nvm/versions/node/v19.7.0/bin/node /home/codespace/nvm/current/bin/firebase login
[debug] [2023-03-09T09:35:38.872Z] CLI Version:   11.24.1
[debug] [2023-03-09T09:35:38.872Z] Platform:      linux
[debug] [2023-03-09T09:35:38.872Z] Node Version:  v19.7.0
[debug] [2023-03-09T09:35:38.872Z] Time:          Thu Mar 09 2023 09:35:38 GMT+0000 (Coordinated Universal Time)
[debug] [2023-03-09T09:35:38.872Z] Env Overrides: GITHUB_API_URL
[debug] [2023-03-09T09:35:38.873Z] ----------------------------------------------------------------------
[debug] 
[info] i  Firebase optionally collects CLI and Emulator Suite usage and error reporting information to help improve our products. Data is collected in accordance with Google's privacy policy (https://policies.google.com/privacy) and is not used to identify you.
 
[info] i  To change your data collection preference at any time, run `firebase logout` and log in again. 
[debug] [2023-03-09T09:35:42.326Z] >>> [apiv2][query] POST https://auth.firebase.tools/attest [none]
[debug] [2023-03-09T09:35:42.328Z] >>> [apiv2][body] POST https://auth.firebase.tools/attest {"session_id":"5239a426-e14b-48f7-ac3c-f8470cc6b8ff"}
[debug] [2023-03-09T09:35:42.659Z] <<< [apiv2][status] POST https://auth.firebase.tools/attest 200
[debug] [2023-03-09T09:35:42.659Z] <<< [apiv2][body] POST https://auth.firebase.tools/attest {"token":"Pck_gF9S4ZRDVeS9ND6THIhN9xD6cXk1oPmwBEtTwKI"}
[info] 
[info] To sign in to the Firebase CLI:
[info] 
[info] 1. Take note of your session ID:
[info] 
[info]    5239A
[info] 
[info] 2. Visit the URL below on any device and follow the instructions to get your code:
[info] 
[info]    https://auth.firebase.tools/login?code_challenge=zhZOTr9ubHhumLEVaUo_9MydlB4tDykWmE2L4LNsSfY&session=5239a426-e14b-48f7-ac3c-f8470cc6b8ff&attest=Pck_gF9S4ZRDVeS9ND6THIhN9xD6cXk1oPmwBEtTwKI
[info] 
[info] 3. Paste or enter the authorization code below once you have it:
[info] 
